2016-02-15 00:01:59,113 ERROR /Users/ytlin/GitHub/storage/1g/Meta.tar.gz start 
2016-02-15 00:01:59,356 ERROR /Users/ytlin/GitHub/storage/1g/Meta.tar.gz stop 
2016-02-15 00:02:04,873 ERROR resource increse  3
2016-02-15 00:02:06,777 ERROR Uploaded part 5 (6.00M) in 6.615 s at 0.91 MBps
2016-02-15 00:02:06,777 ERROR Uploaded part 2 (6.00M) in 6.633 s at 0.90 MBps
2016-02-15 00:02:06,777 ERROR Uploaded part 5 (6.00M) in 6.615 s at 0.91 MBps
2016-02-15 00:02:06,777 ERROR Uploaded part 2 (6.00M) in 6.633 s at 0.90 MBps
2016-02-15 00:02:09,879 ERROR resource increse  4
2016-02-15 00:02:10,646 ERROR Uploaded part 1 (6.00M) in 10.423 s at 0.58 MBps
2016-02-15 00:02:10,646 ERROR Uploaded part 1 (6.00M) in 10.423 s at 0.58 MBps
2016-02-15 00:02:10,784 ERROR Uploaded part 6 (6.00M) in 10.625 s at 0.56 MBps
2016-02-15 00:02:10,784 ERROR Uploaded part 6 (6.00M) in 10.625 s at 0.56 MBps
2016-02-15 00:02:11,848 ERROR Uploaded part 3 (6.00M) in 11.720 s at 0.51 MBps
2016-02-15 00:02:11,848 ERROR Uploaded part 3 (6.00M) in 11.720 s at 0.51 MBps
2016-02-15 00:02:12,063 ERROR Uploaded part 4 (6.00M) in 11.927 s at 0.50 MBps
2016-02-15 00:02:12,063 ERROR Uploaded part 4 (6.00M) in 11.927 s at 0.50 MBps
2016-02-15 00:02:12,486 ERROR Uploaded part 7 (6.00M) in 2.775 s at 2.16 MBps
2016-02-15 00:02:12,486 ERROR Uploaded part 7 (6.00M) in 2.775 s at 2.16 MBps
2016-02-15 00:02:12,486 ERROR Uploaded part 7 (6.00M) in 2.775 s at 2.16 MBps
2016-02-15 00:02:20,597 ERROR Uploaded part 2 (6.00M) in 8.821 s at 0.68 MBps
2016-02-15 00:02:20,597 ERROR Uploaded part 2 (6.00M) in 8.821 s at 0.68 MBps
2016-02-15 00:02:22,381 ERROR Uploaded part 1 (6.00M) in 10.609 s at 0.57 MBps
2016-02-15 00:02:22,381 ERROR Uploaded part 1 (6.00M) in 10.609 s at 0.57 MBps
2016-02-15 00:02:22,477 ERROR Uploaded part 5 (6.00M) in 10.593 s at 0.57 MBps
2016-02-15 00:02:22,477 ERROR Uploaded part 5 (6.00M) in 10.593 s at 0.57 MBps
2016-02-15 00:02:23,134 ERROR Uploaded part 4 (6.00M) in 11.305 s at 0.53 MBps
2016-02-15 00:02:23,134 ERROR Uploaded part 4 (6.00M) in 11.305 s at 0.53 MBps
2016-02-15 00:02:23,696 ERROR Uploaded part 7 (6.00M) in 2.052 s at 2.92 MBps
2016-02-15 00:02:23,696 ERROR Uploaded part 7 (6.00M) in 2.052 s at 2.92 MBps
2016-02-15 00:02:23,696 ERROR Uploaded part 7 (6.00M) in 2.052 s at 2.92 MBps
2016-02-15 00:02:25,590 ERROR Uploaded part 8 (7.83M) in 2.544 s at 3.08 MBps
2016-02-15 00:02:25,590 ERROR Uploaded part 8 (7.83M) in 2.544 s at 3.08 MBps
2016-02-15 00:02:25,590 ERROR Uploaded part 8 (7.83M) in 2.544 s at 3.08 MBps
2016-02-15 00:02:25,602 ERROR Uploaded part 6 (6.00M) in 13.722 s at 0.44 MBps
2016-02-15 00:02:25,602 ERROR Uploaded part 6 (6.00M) in 13.722 s at 0.44 MBps
2016-02-15 00:02:26,577 ERROR Uploaded part 3 (6.00M) in 14.298 s at 0.42 MBps
2016-02-15 00:02:26,577 ERROR Uploaded part 3 (6.00M) in 14.298 s at 0.42 MBps
2016-02-15 00:02:28,515 ERROR /Users/ytlin/GitHub/storage/1g/bin2 stop 
2016-02-15 00:02:29,893 ERROR resource increse  4
2016-02-15 00:02:41,530 ERROR Uploaded part 8 (8.00M) in 31.826 s at 0.25 MBps
2016-02-15 00:02:41,530 ERROR Uploaded part 8 (8.00M) in 31.826 s at 0.25 MBps
2016-02-15 00:02:41,530 ERROR Uploaded part 8 (8.00M) in 31.826 s at 0.25 MBps
2016-02-15 00:02:44,011 ERROR /Users/ytlin/GitHub/storage/1g/bin1 stop 
2016-02-15 00:02:45,692 ERROR Uploaded part 4 (6.00M) in 14.284 s at 0.42 MBps
2016-02-15 00:02:45,692 ERROR Uploaded part 4 (6.00M) in 14.284 s at 0.42 MBps
2016-02-15 00:02:45,821 ERROR Uploaded part 4 (6.00M) in 13.322 s at 0.45 MBps
2016-02-15 00:02:45,821 ERROR Uploaded part 4 (6.00M) in 13.322 s at 0.45 MBps
2016-02-15 00:02:45,920 ERROR Uploaded part 2 (6.00M) in 14.400 s at 0.42 MBps
2016-02-15 00:02:45,920 ERROR Uploaded part 2 (6.00M) in 14.400 s at 0.42 MBps
2016-02-15 00:02:46,224 ERROR Uploaded part 5 (6.00M) in 14.804 s at 0.41 MBps
2016-02-15 00:02:46,224 ERROR Uploaded part 5 (6.00M) in 14.804 s at 0.41 MBps
2016-02-15 00:02:46,469 ERROR Uploaded part 6 (6.00M) in 14.001 s at 0.43 MBps
2016-02-15 00:02:46,469 ERROR Uploaded part 6 (6.00M) in 14.001 s at 0.43 MBps
2016-02-15 00:02:46,664 ERROR Uploaded part 1 (6.00M) in 15.266 s at 0.39 MBps
2016-02-15 00:02:46,664 ERROR Uploaded part 1 (6.00M) in 15.266 s at 0.39 MBps
2016-02-15 00:02:46,682 ERROR Uploaded part 5 (6.00M) in 14.203 s at 0.42 MBps
2016-02-15 00:02:46,682 ERROR Uploaded part 5 (6.00M) in 14.203 s at 0.42 MBps
2016-02-15 00:02:49,903 ERROR resource increse  4
2016-02-15 00:02:50,868 ERROR Uploaded part 6 (6.00M) in 19.430 s at 0.31 MBps
2016-02-15 00:02:50,868 ERROR Uploaded part 6 (6.00M) in 19.430 s at 0.31 MBps
2016-02-15 00:02:51,331 ERROR Uploaded part 3 (6.00M) in 18.924 s at 0.32 MBps
2016-02-15 00:02:51,331 ERROR Uploaded part 3 (6.00M) in 18.924 s at 0.32 MBps
2016-02-15 00:02:52,006 ERROR Uploaded part 3 (6.00M) in 20.475 s at 0.29 MBps
2016-02-15 00:02:52,006 ERROR Uploaded part 3 (6.00M) in 20.475 s at 0.29 MBps
2016-02-15 00:02:53,310 ERROR Uploaded part 1 (6.00M) in 20.930 s at 0.29 MBps
2016-02-15 00:02:53,310 ERROR Uploaded part 1 (6.00M) in 20.930 s at 0.29 MBps
2016-02-15 00:02:56,219 ERROR Uploaded part 2 (6.00M) in 23.765 s at 0.25 MBps
2016-02-15 00:02:56,219 ERROR Uploaded part 2 (6.00M) in 23.765 s at 0.25 MBps
2016-02-15 00:02:56,819 ERROR Uploaded part 1 (6.00M) in 9.819 s at 0.61 MBps
2016-02-15 00:02:56,819 ERROR Uploaded part 1 (6.00M) in 9.819 s at 0.61 MBps
2016-02-15 00:02:57,342 ERROR Uploaded part 5 (6.00M) in 10.383 s at 0.58 MBps
2016-02-15 00:02:57,342 ERROR Uploaded part 5 (6.00M) in 10.383 s at 0.58 MBps
2016-02-15 00:03:03,185 ERROR Uploaded part 4 (6.00M) in 16.240 s at 0.37 MBps
2016-02-15 00:03:03,185 ERROR Uploaded part 4 (6.00M) in 16.240 s at 0.37 MBps
2016-02-15 00:03:03,748 ERROR Uploaded part 6 (6.00M) in 16.776 s at 0.36 MBps
2016-02-15 00:03:03,748 ERROR Uploaded part 6 (6.00M) in 16.776 s at 0.36 MBps
2016-02-15 00:03:05,595 ERROR Uploaded part 3 (6.00M) in 18.669 s at 0.32 MBps
2016-02-15 00:03:05,595 ERROR Uploaded part 3 (6.00M) in 18.669 s at 0.32 MBps
2016-02-15 00:03:06,042 ERROR Uploaded part 2 (6.00M) in 19.147 s at 0.31 MBps
2016-02-15 00:03:06,042 ERROR Uploaded part 2 (6.00M) in 19.147 s at 0.31 MBps
2016-02-15 00:03:06,079 ERROR Uploaded part 8 (6.00M) in 18.843 s at 0.32 MBps
2016-02-15 00:03:06,079 ERROR Uploaded part 8 (6.00M) in 18.843 s at 0.32 MBps
2016-02-15 00:03:06,079 ERROR Uploaded part 8 (6.00M) in 18.843 s at 0.32 MBps
2016-02-15 00:03:07,932 ERROR Uploaded part 7 (6.00M) in 9.857 s at 0.61 MBps
2016-02-15 00:03:07,932 ERROR Uploaded part 7 (6.00M) in 9.857 s at 0.61 MBps
2016-02-15 00:03:07,932 ERROR Uploaded part 7 (6.00M) in 9.857 s at 0.61 MBps
2016-02-15 00:03:08,282 ERROR Uploaded part 7 (6.00M) in 21.289 s at 0.28 MBps
2016-02-15 00:03:08,282 ERROR Uploaded part 7 (6.00M) in 21.289 s at 0.28 MBps
2016-02-15 00:03:08,282 ERROR Uploaded part 7 (6.00M) in 21.289 s at 0.28 MBps
2016-02-15 00:03:08,399 ERROR Uploaded part 8 (7.56M) in 10.277 s at 0.74 MBps
2016-02-15 00:03:08,399 ERROR Uploaded part 8 (7.56M) in 10.277 s at 0.74 MBps
2016-02-15 00:03:08,399 ERROR Uploaded part 8 (7.56M) in 10.277 s at 0.74 MBps
2016-02-15 00:03:09,913 ERROR resource increse  4
2016-02-15 00:03:10,040 ERROR Uploaded part 7 (10.89M) in 23.052 s at 0.47 MBps
2016-02-15 00:03:10,040 ERROR Uploaded part 7 (10.89M) in 23.052 s at 0.47 MBps
2016-02-15 00:03:10,040 ERROR Uploaded part 7 (10.89M) in 23.052 s at 0.47 MBps
2016-02-15 00:03:10,502 ERROR /Users/ytlin/GitHub/storage/1g/bin6 stop 
2016-02-15 00:03:11,002 ERROR /Users/ytlin/GitHub/storage/1g/bin3 stop 
2016-02-15 00:03:11,904 ERROR /Users/ytlin/GitHub/storage/1g/bin8 stop 
2016-02-15 00:03:15,665 ERROR Uploaded part 4 (6.00M) in 3.752 s at 1.60 MBps
2016-02-15 00:03:15,665 ERROR Uploaded part 4 (6.00M) in 3.752 s at 1.60 MBps
2016-02-15 00:03:24,923 ERROR resource increse  4
2016-02-15 00:03:27,490 ERROR Uploaded part 1 (6.00M) in 15.565 s at 0.39 MBps
2016-02-15 00:03:27,490 ERROR Uploaded part 1 (6.00M) in 15.565 s at 0.39 MBps
2016-02-15 00:03:28,296 ERROR Uploaded part 5 (6.00M) in 16.555 s at 0.36 MBps
2016-02-15 00:03:28,296 ERROR Uploaded part 5 (6.00M) in 16.555 s at 0.36 MBps
2016-02-15 00:03:30,687 ERROR Uploaded part 1 (6.00M) in 17.231 s at 0.35 MBps
2016-02-15 00:03:30,687 ERROR Uploaded part 1 (6.00M) in 17.231 s at 0.35 MBps
2016-02-15 00:03:38,700 ERROR Uploaded part 3 (6.00M) in 26.782 s at 0.22 MBps
2016-02-15 00:03:38,700 ERROR Uploaded part 3 (6.00M) in 26.782 s at 0.22 MBps
2016-02-15 00:03:40,285 ERROR Uploaded part 3 (6.00M) in 26.554 s at 0.23 MBps
2016-02-15 00:03:40,285 ERROR Uploaded part 3 (6.00M) in 26.554 s at 0.23 MBps
2016-02-15 00:03:40,354 ERROR Uploaded part 6 (6.00M) in 28.268 s at 0.21 MBps
2016-02-15 00:03:40,354 ERROR Uploaded part 6 (6.00M) in 28.268 s at 0.21 MBps
2016-02-15 00:03:44,932 ERROR resource increse  4
2016-02-15 00:03:45,459 ERROR Uploaded part 5 (6.00M) in 31.258 s at 0.19 MBps
2016-02-15 00:03:45,459 ERROR Uploaded part 5 (6.00M) in 31.258 s at 0.19 MBps
2016-02-15 00:03:46,325 ERROR Uploaded part 4 (6.00M) in 32.097 s at 0.19 MBps
2016-02-15 00:03:46,325 ERROR Uploaded part 4 (6.00M) in 32.097 s at 0.19 MBps
2016-02-15 00:03:46,981 ERROR Uploaded part 2 (6.00M) in 33.680 s at 0.18 MBps
2016-02-15 00:03:46,981 ERROR Uploaded part 2 (6.00M) in 33.680 s at 0.18 MBps
2016-02-15 00:03:47,015 ERROR Uploaded part 1 (6.00M) in 32.768 s at 0.18 MBps
2016-02-15 00:03:47,015 ERROR Uploaded part 1 (6.00M) in 32.768 s at 0.18 MBps
2016-02-15 00:03:47,829 ERROR Uploaded part 3 (6.00M) in 33.554 s at 0.18 MBps
2016-02-15 00:03:47,829 ERROR Uploaded part 3 (6.00M) in 33.554 s at 0.18 MBps
2016-02-15 00:03:48,494 ERROR Uploaded part 6 (6.00M) in 36.577 s at 0.16 MBps
2016-02-15 00:03:48,494 ERROR Uploaded part 6 (6.00M) in 36.577 s at 0.16 MBps
2016-02-15 00:03:48,609 ERROR Uploaded part 4 (6.00M) in 36.527 s at 0.16 MBps
2016-02-15 00:03:48,609 ERROR Uploaded part 4 (6.00M) in 36.527 s at 0.16 MBps
2016-02-15 00:03:48,796 ERROR Uploaded part 2 (6.00M) in 36.552 s at 0.16 MBps
2016-02-15 00:03:48,796 ERROR Uploaded part 2 (6.00M) in 36.552 s at 0.16 MBps
2016-02-15 00:03:49,881 ERROR Uploaded part 5 (6.00M) in 37.800 s at 0.16 MBps
2016-02-15 00:03:49,881 ERROR Uploaded part 5 (6.00M) in 37.800 s at 0.16 MBps
2016-02-15 00:03:49,886 ERROR Uploaded part 2 (6.00M) in 37.971 s at 0.16 MBps
2016-02-15 00:03:49,886 ERROR Uploaded part 2 (6.00M) in 37.971 s at 0.16 MBps
2016-02-15 00:03:50,980 ERROR Uploaded part 5 (6.00M) in 36.547 s at 0.16 MBps
2016-02-15 00:03:50,980 ERROR Uploaded part 5 (6.00M) in 36.547 s at 0.16 MBps
2016-02-15 00:03:52,020 ERROR Uploaded part 6 (6.00M) in 37.654 s at 0.16 MBps
2016-02-15 00:03:52,020 ERROR Uploaded part 6 (6.00M) in 37.654 s at 0.16 MBps
2016-02-15 00:03:54,652 ERROR Uploaded part 3 (6.00M) in 42.568 s at 0.14 MBps
2016-02-15 00:03:54,652 ERROR Uploaded part 3 (6.00M) in 42.568 s at 0.14 MBps
2016-02-15 00:03:54,821 ERROR Uploaded part 1 (6.00M) in 41.419 s at 0.14 MBps
2016-02-15 00:03:54,821 ERROR Uploaded part 1 (6.00M) in 41.419 s at 0.14 MBps
2016-02-15 00:03:55,791 ERROR Uploaded part 4 (6.00M) in 41.317 s at 0.15 MBps
2016-02-15 00:03:55,791 ERROR Uploaded part 4 (6.00M) in 41.317 s at 0.15 MBps
2016-02-15 00:03:55,926 ERROR Uploaded part 2 (6.00M) in 41.580 s at 0.14 MBps
2016-02-15 00:03:55,926 ERROR Uploaded part 2 (6.00M) in 41.580 s at 0.14 MBps
2016-02-15 00:03:57,826 ERROR Uploaded part 7 (6.00M) in 13.810 s at 0.43 MBps
2016-02-15 00:03:57,826 ERROR Uploaded part 7 (6.00M) in 13.810 s at 0.43 MBps
2016-02-15 00:03:57,826 ERROR Uploaded part 7 (6.00M) in 13.810 s at 0.43 MBps
2016-02-15 00:03:58,151 ERROR Uploaded part 7 (6.00M) in 23.135 s at 0.26 MBps
2016-02-15 00:03:58,151 ERROR Uploaded part 7 (6.00M) in 23.135 s at 0.26 MBps
2016-02-15 00:03:58,151 ERROR Uploaded part 7 (6.00M) in 23.135 s at 0.26 MBps
2016-02-15 00:03:59,142 ERROR Uploaded part 6 (6.00M) in 44.708 s at 0.13 MBps
2016-02-15 00:03:59,142 ERROR Uploaded part 6 (6.00M) in 44.708 s at 0.13 MBps
2016-02-15 00:04:00,201 ERROR Uploaded part 7 (11.00M) in 14.008 s at 0.79 MBps
2016-02-15 00:04:00,201 ERROR Uploaded part 7 (11.00M) in 14.008 s at 0.79 MBps
2016-02-15 00:04:00,201 ERROR Uploaded part 7 (11.00M) in 14.008 s at 0.79 MBps
2016-02-15 00:04:00,784 ERROR Uploaded part 8 (7.35M) in 15.959 s at 0.46 MBps
2016-02-15 00:04:00,784 ERROR Uploaded part 8 (7.35M) in 15.959 s at 0.46 MBps
2016-02-15 00:04:00,784 ERROR Uploaded part 8 (7.35M) in 15.959 s at 0.46 MBps
2016-02-15 00:04:01,250 ERROR Uploaded part 8 (7.35M) in 13.205 s at 0.56 MBps
2016-02-15 00:04:01,250 ERROR Uploaded part 8 (7.35M) in 13.205 s at 0.56 MBps
2016-02-15 00:04:01,250 ERROR Uploaded part 8 (7.35M) in 13.205 s at 0.56 MBps
2016-02-15 00:04:01,548 ERROR Uploaded part 7 (9.80M) in 45.003 s at 0.22 MBps
2016-02-15 00:04:01,548 ERROR Uploaded part 7 (9.80M) in 45.003 s at 0.22 MBps
2016-02-15 00:04:01,548 ERROR Uploaded part 7 (9.80M) in 45.003 s at 0.22 MBps
2016-02-15 00:04:01,575 ERROR /Users/ytlin/GitHub/storage/1g/bin7 stop 
2016-02-15 00:04:01,869 ERROR /Users/ytlin/GitHub/storage/1g/bin4 stop 
2016-02-15 00:04:02,510 ERROR /Users/ytlin/GitHub/storage/1g/bin5 stop 
2016-02-15 00:04:03,482 ERROR /Users/ytlin/GitHub/storage/1g/bin9 stop 
2016-02-15 00:04:03,483 ERROR [{'force': True, 'secure': True, 'reduced_redundancy': False, 'filepath': '/Users/ytlin/GitHub/storage/1g/bin1', 'dest': 's3://ap-southeast-1-lin/1g/', 'num_processes': 6, 'split': 6, 'simulate': 0, 'Threshold': 50, 'max_tries': 5, 'get': False, 'Retransmit': 'uploading'}, {'force': True, 'secure': True, 'reduced_redundancy': False, 'filepath': '/Users/ytlin/GitHub/storage/1g/bin2', 'dest': 's3://ap-southeast-1-lin/1g/', 'num_processes': 6, 'split': 6, 'simulate': 0, 'Threshold': 50, 'max_tries': 5, 'get': False, 'Retransmit': 'uploading'}, {'force': True, 'secure': True, 'reduced_redundancy': False, 'filepath': '/Users/ytlin/GitHub/storage/1g/bin3', 'dest': 's3://ap-southeast-1-lin/1g/', 'num_processes': 6, 'split': 6, 'simulate': 0, 'Threshold': 50, 'max_tries': 5, 'get': False, 'Retransmit': 'uploading'}, {'force': True, 'secure': True, 'reduced_redundancy': False, 'filepath': '/Users/ytlin/GitHub/storage/1g/bin4', 'dest': 's3://ap-southeast-1-lin/1g/', 'num_processes': 6, 'split': 6, 'simulate': 0, 'Threshold': 50, 'max_tries': 5, 'get': False, 'Retransmit': 'uploading'}, {'force': True, 'secure': True, 'reduced_redundancy': False, 'filepath': '/Users/ytlin/GitHub/storage/1g/bin5', 'dest': 's3://ap-southeast-1-lin/1g/', 'num_processes': 6, 'split': 6, 'simulate': 0, 'Threshold': 50, 'max_tries': 5, 'get': False, 'Retransmit': 'uploading'}, {'force': True, 'secure': True, 'reduced_redundancy': False, 'filepath': '/Users/ytlin/GitHub/storage/1g/bin6', 'dest': 's3://ap-southeast-1-lin/1g/', 'num_processes': 6, 'split': 6, 'simulate': 0, 'Threshold': 50, 'max_tries': 5, 'get': False, 'Retransmit': 'uploading'}, {'force': True, 'secure': True, 'reduced_redundancy': False, 'filepath': '/Users/ytlin/GitHub/storage/1g/bin7', 'dest': 's3://ap-southeast-1-lin/1g/', 'num_processes': 6, 'split': 6, 'simulate': 0, 'Threshold': 50, 'max_tries': 5, 'get': False, 'Retransmit': 'uploading'}, {'force': True, 'secure': True, 'reduced_redundancy': False, 'filepath': '/Users/ytlin/GitHub/storage/1g/bin8', 'dest': 's3://ap-southeast-1-lin/1g/', 'num_processes': 6, 'split': 6, 'simulate': 0, 'Threshold': 50, 'max_tries': 5, 'get': False, 'Retransmit': 'uploading'}, {'force': True, 'secure': True, 'reduced_redundancy': False, 'filepath': '/Users/ytlin/GitHub/storage/1g/bin9', 'dest': 's3://ap-southeast-1-lin/1g/', 'num_processes': 6, 'split': 6, 'simulate': 0, 'Threshold': 50, 'max_tries': 5, 'get': False, 'Retransmit': 'uploading'}, {'force': True, 'secure': True, 'reduced_redundancy': False, 'filepath': '/Users/ytlin/GitHub/storage/1g/Meta.tar.gz', 'dest': 's3://ap-southeast-1-lin/1g/', 'num_processes': 1, 'split': 6, 'simulate': 0, 'Threshold': 50, 'max_tries': 5, 'get': False, 'Retransmit': 'uploading'}]
2016-02-15 00:04:03,483 ERROR compress = 6.88 ,reduce rate 13.62M  File /Users/ytlin/Desktop/poty2006/ part size = 6 ,concurrency = 6 ,upload (ori)530.37M in 132.56 s (4.00 MBps)
2016-02-15 11:07:00,395 ERROR /Users/ytlin/GitHub/storage/1g/Meta.tar.gz start 
2016-02-15 11:07:00,862 ERROR /Users/ytlin/GitHub/storage/1g/Meta.tar.gz stop 
2016-02-15 11:07:06,586 ERROR resource increse  7
2016-02-15 11:07:08,595 ERROR Uploaded part 3 (10.00M) in 7.056 s at 1.42 MBps
2016-02-15 11:07:08,595 ERROR Uploaded part 3 (10.00M) in 7.056 s at 1.42 MBps
2016-02-15 11:07:09,241 ERROR Uploaded part 2 (10.00M) in 7.699 s at 1.30 MBps
2016-02-15 11:07:09,241 ERROR Uploaded part 2 (10.00M) in 7.699 s at 1.30 MBps
2016-02-15 11:07:09,336 ERROR Uploaded part 5 (10.00M) in 7.796 s at 1.28 MBps
2016-02-15 11:07:09,336 ERROR Uploaded part 5 (10.00M) in 7.796 s at 1.28 MBps
2016-02-15 11:07:12,013 ERROR Uploaded part 6 (10.91M) in 2.563 s at 4.26 MBps
2016-02-15 11:07:12,013 ERROR Uploaded part 6 (10.91M) in 2.563 s at 4.26 MBps
2016-02-15 11:07:12,013 ERROR Uploaded part 6 (10.91M) in 2.563 s at 4.26 MBps
2016-02-15 11:07:13,371 ERROR Uploaded part 1 (10.00M) in 11.726 s at 0.85 MBps
2016-02-15 11:07:13,371 ERROR Uploaded part 1 (10.00M) in 11.726 s at 0.85 MBps
2016-02-15 11:07:18,146 ERROR Uploaded part 4 (10.00M) in 16.602 s at 0.60 MBps
2016-02-15 11:07:18,146 ERROR Uploaded part 4 (10.00M) in 16.602 s at 0.60 MBps
2016-02-15 11:07:20,030 ERROR /Users/ytlin/GitHub/storage/1g/bin1 stop 
2016-02-15 11:07:20,030 ERROR [{'force': True, 'secure': True, 'reduced_redundancy': False, 'filepath': '/Users/ytlin/GitHub/storage/1g/bin1', 'dest': 's3://ap-southeast-1-lin/1g/', 'num_processes': 5, 'split': 10, 'simulate': 20, 'Threshold': 50, 'max_tries': 5, 'get': False, 'Retransmit': 'uploading'}, {'force': True, 'secure': True, 'reduced_redundancy': False, 'filepath': '/Users/ytlin/GitHub/storage/1g/Meta.tar.gz', 'dest': 's3://ap-southeast-1-lin/1g/', 'num_processes': 1, 'split': 10, 'simulate': 20, 'Threshold': 50, 'max_tries': 5, 'get': False, 'Retransmit': 'uploading'}]
2016-02-15 11:07:20,031 ERROR compress = 66.47 ,reduce rate 4.11M  File /Users/ytlin/Desktop/java1.7/ part size = 10 ,concurrency = 5 ,upload (ori)333.93M in 86.99 s (3.84 MBps)
2016-02-15 11:12:03,325 ERROR /Users/ytlin/GitHub/storage/1g/Meta.tar.gz start 
2016-02-15 11:12:03,527 ERROR /Users/ytlin/GitHub/storage/1g/Meta.tar.gz stop 
2016-02-15 11:12:09,627 ERROR resource increse  7
2016-02-15 11:12:10,332 ERROR Uploaded part 3 (10.00M) in 6.172 s at 1.62 MBps
2016-02-15 11:12:10,332 ERROR Uploaded part 3 (10.00M) in 6.172 s at 1.62 MBps
2016-02-15 11:12:11,756 ERROR Uploaded part 2 (10.00M) in 7.514 s at 1.33 MBps
2016-02-15 11:12:11,756 ERROR Uploaded part 2 (10.00M) in 7.514 s at 1.33 MBps
2016-02-15 11:12:12,328 ERROR Uploaded part 4 (15.00M) in 8.144 s at 1.84 MBps
2016-02-15 11:12:12,328 ERROR Uploaded part 4 (15.00M) in 8.144 s at 1.84 MBps
2016-02-15 11:12:22,267 ERROR Uploaded part 3 (10.00M) in 9.737 s at 1.03 MBps
2016-02-15 11:12:22,267 ERROR Uploaded part 3 (10.00M) in 9.737 s at 1.03 MBps
2016-02-15 11:12:26,568 ERROR Uploaded part 3 (10.00M) in 14.026 s at 0.71 MBps
2016-02-15 11:12:26,568 ERROR Uploaded part 3 (10.00M) in 14.026 s at 0.71 MBps
2016-02-15 11:12:26,827 ERROR Uploaded part 4 (15.00M) in 14.278 s at 1.05 MBps
2016-02-15 11:12:26,827 ERROR Uploaded part 4 (15.00M) in 14.278 s at 1.05 MBps
2016-02-15 11:12:26,980 ERROR Uploaded part 1 (10.00M) in 14.451 s at 0.69 MBps
2016-02-15 11:12:26,980 ERROR Uploaded part 1 (10.00M) in 14.451 s at 0.69 MBps
2016-02-15 11:12:28,442 ERROR Uploaded part 1 (10.00M) in 15.956 s at 0.63 MBps
2016-02-15 11:12:28,442 ERROR Uploaded part 1 (10.00M) in 15.956 s at 0.63 MBps
2016-02-15 11:12:28,947 ERROR Uploaded part 2 (10.00M) in 16.429 s at 0.61 MBps
2016-02-15 11:12:28,947 ERROR Uploaded part 2 (10.00M) in 16.429 s at 0.61 MBps
2016-02-15 11:12:29,243 ERROR Uploaded part 4 (15.00M) in 16.698 s at 0.90 MBps
2016-02-15 11:12:29,243 ERROR Uploaded part 4 (15.00M) in 16.698 s at 0.90 MBps
2016-02-15 11:12:29,269 ERROR Uploaded part 1 (10.00M) in 25.096 s at 0.40 MBps
2016-02-15 11:12:29,269 ERROR Uploaded part 1 (10.00M) in 25.096 s at 0.40 MBps
2016-02-15 11:12:29,637 ERROR resource increse  4
2016-02-15 11:12:29,948 ERROR Uploaded part 2 (10.00M) in 17.498 s at 0.57 MBps
2016-02-15 11:12:29,948 ERROR Uploaded part 2 (10.00M) in 17.498 s at 0.57 MBps
2016-02-15 11:12:30,979 ERROR /Users/ytlin/GitHub/storage/1g/bin1 stop 
2016-02-15 11:12:31,092 ERROR /Users/ytlin/GitHub/storage/1g/bin3 stop 
2016-02-15 11:12:31,742 ERROR /Users/ytlin/GitHub/storage/1g/bin2 stop 
2016-02-15 11:12:34,645 ERROR resource increse  4
2016-02-15 11:12:47,867 ERROR Uploaded part 2 (10.00M) in 11.285 s at 0.89 MBps
2016-02-15 11:12:47,867 ERROR Uploaded part 2 (10.00M) in 11.285 s at 0.89 MBps
2016-02-15 11:12:48,195 ERROR Uploaded part 3 (10.00M) in 11.344 s at 0.88 MBps
2016-02-15 11:12:48,195 ERROR Uploaded part 3 (10.00M) in 11.344 s at 0.88 MBps
2016-02-15 11:12:55,754 ERROR Uploaded part 2 (10.00M) in 20.336 s at 0.49 MBps
2016-02-15 11:12:55,754 ERROR Uploaded part 2 (10.00M) in 20.336 s at 0.49 MBps
2016-02-15 11:12:56,205 ERROR Uploaded part 2 (10.00M) in 24.167 s at 0.41 MBps
2016-02-15 11:12:56,205 ERROR Uploaded part 2 (10.00M) in 24.167 s at 0.41 MBps
2016-02-15 11:12:56,501 ERROR Uploaded part 1 (10.00M) in 21.838 s at 0.46 MBps
2016-02-15 11:12:56,501 ERROR Uploaded part 1 (10.00M) in 21.838 s at 0.46 MBps
2016-02-15 11:12:56,527 ERROR Uploaded part 1 (10.00M) in 19.720 s at 0.51 MBps
2016-02-15 11:12:56,527 ERROR Uploaded part 1 (10.00M) in 19.720 s at 0.51 MBps
2016-02-15 11:12:57,664 ERROR Uploaded part 4 (15.00M) in 19.857 s at 0.76 MBps
2016-02-15 11:12:57,664 ERROR Uploaded part 4 (15.00M) in 19.857 s at 0.76 MBps
2016-02-15 11:12:57,703 ERROR Uploaded part 4 (15.00M) in 25.220 s at 0.59 MBps
2016-02-15 11:12:57,703 ERROR Uploaded part 4 (15.00M) in 25.220 s at 0.59 MBps
2016-02-15 11:12:57,735 ERROR Uploaded part 4 (15.00M) in 20.821 s at 0.72 MBps
2016-02-15 11:12:57,735 ERROR Uploaded part 4 (15.00M) in 20.821 s at 0.72 MBps
2016-02-15 11:12:59,527 ERROR Uploaded part 3 (10.00M) in 22.093 s at 0.45 MBps
2016-02-15 11:12:59,527 ERROR Uploaded part 3 (10.00M) in 22.093 s at 0.45 MBps
2016-02-15 11:12:59,703 ERROR /Users/ytlin/GitHub/storage/1g/bin6 stop 
2016-02-15 11:13:00,921 ERROR Uploaded part 1 (10.00M) in 28.444 s at 0.35 MBps
2016-02-15 11:13:00,921 ERROR Uploaded part 1 (10.00M) in 28.444 s at 0.35 MBps
2016-02-15 11:13:02,846 ERROR Uploaded part 2 (10.00M) in 25.199 s at 0.40 MBps
2016-02-15 11:13:02,846 ERROR Uploaded part 2 (10.00M) in 25.199 s at 0.40 MBps
2016-02-15 11:13:04,475 ERROR Uploaded part 3 (10.00M) in 28.893 s at 0.35 MBps
2016-02-15 11:13:04,475 ERROR Uploaded part 3 (10.00M) in 28.893 s at 0.35 MBps
2016-02-15 11:13:04,523 ERROR Uploaded part 1 (10.00M) in 26.648 s at 0.38 MBps
2016-02-15 11:13:04,523 ERROR Uploaded part 1 (10.00M) in 26.648 s at 0.38 MBps
2016-02-15 11:13:04,669 ERROR Uploaded part 4 (15.00M) in 27.909 s at 0.54 MBps
2016-02-15 11:13:04,669 ERROR Uploaded part 4 (15.00M) in 27.909 s at 0.54 MBps
2016-02-15 11:13:06,137 ERROR /Users/ytlin/GitHub/storage/1g/bin5 stop 
2016-02-15 11:13:06,243 ERROR /Users/ytlin/GitHub/storage/1g/bin4 stop 
2016-02-15 11:13:06,328 ERROR Uploaded part 3 (10.00M) in 33.852 s at 0.30 MBps
2016-02-15 11:13:06,328 ERROR Uploaded part 3 (10.00M) in 33.852 s at 0.30 MBps
2016-02-15 11:13:07,212 ERROR /Users/ytlin/GitHub/storage/1g/bin9 stop 
2016-02-15 11:13:16,151 ERROR Uploaded part 2 (10.00M) in 9.023 s at 1.11 MBps
2016-02-15 11:13:16,151 ERROR Uploaded part 2 (10.00M) in 9.023 s at 1.11 MBps
2016-02-15 11:13:16,253 ERROR Uploaded part 2 (10.00M) in 12.897 s at 0.78 MBps
2016-02-15 11:13:16,253 ERROR Uploaded part 2 (10.00M) in 12.897 s at 0.78 MBps
2016-02-15 11:13:16,611 ERROR Uploaded part 1 (10.00M) in 13.260 s at 0.75 MBps
2016-02-15 11:13:16,611 ERROR Uploaded part 1 (10.00M) in 13.260 s at 0.75 MBps
2016-02-15 11:13:18,470 ERROR Uploaded part 3 (10.00M) in 16.363 s at 0.61 MBps
2016-02-15 11:13:18,470 ERROR Uploaded part 3 (10.00M) in 16.363 s at 0.61 MBps
2016-02-15 11:13:23,776 ERROR Uploaded part 3 (10.00M) in 16.539 s at 0.60 MBps
2016-02-15 11:13:23,776 ERROR Uploaded part 3 (10.00M) in 16.539 s at 0.60 MBps
2016-02-15 11:13:25,438 ERROR Uploaded part 1 (10.00M) in 18.544 s at 0.54 MBps
2016-02-15 11:13:25,438 ERROR Uploaded part 1 (10.00M) in 18.544 s at 0.54 MBps
2016-02-15 11:13:25,643 ERROR Uploaded part 4 (15.00M) in 18.751 s at 0.80 MBps
2016-02-15 11:13:25,643 ERROR Uploaded part 4 (15.00M) in 18.751 s at 0.80 MBps
2016-02-15 11:13:25,836 ERROR Uploaded part 4 (15.00M) in 22.474 s at 0.67 MBps
2016-02-15 11:13:25,836 ERROR Uploaded part 4 (15.00M) in 22.474 s at 0.67 MBps
2016-02-15 11:13:26,893 ERROR /Users/ytlin/GitHub/storage/1g/bin8 stop 
2016-02-15 11:13:27,135 ERROR /Users/ytlin/GitHub/storage/1g/bin7 stop 
2016-02-15 11:13:27,136 ERROR [{'force': True, 'secure': True, 'reduced_redundancy': False, 'filepath': '/Users/ytlin/GitHub/storage/1g/bin1', 'dest': 's3://ap-southeast-1-lin/1g/', 'num_processes': 5, 'split': 10, 'simulate': 20, 'Threshold': 50, 'max_tries': 5, 'get': False, 'Retransmit': 'uploading'}, {'force': True, 'secure': True, 'reduced_redundancy': False, 'filepath': '/Users/ytlin/GitHub/storage/1g/bin2', 'dest': 's3://ap-southeast-1-lin/1g/', 'num_processes': 5, 'split': 10, 'simulate': 20, 'Threshold': 50, 'max_tries': 5, 'get': False, 'Retransmit': 'uploading'}, {'force': True, 'secure': True, 'reduced_redundancy': False, 'filepath': '/Users/ytlin/GitHub/storage/1g/bin3', 'dest': 's3://ap-southeast-1-lin/1g/', 'num_processes': 5, 'split': 10, 'simulate': 20, 'Threshold': 50, 'max_tries': 5, 'get': False, 'Retransmit': 'uploading'}, {'force': True, 'secure': True, 'reduced_redundancy': False, 'filepath': '/Users/ytlin/GitHub/storage/1g/bin4', 'dest': 's3://ap-southeast-1-lin/1g/', 'num_processes': 5, 'split': 10, 'simulate': 20, 'Threshold': 50, 'max_tries': 5, 'get': False, 'Retransmit': 'uploading'}, {'force': True, 'secure': True, 'reduced_redundancy': False, 'filepath': '/Users/ytlin/GitHub/storage/1g/bin5', 'dest': 's3://ap-southeast-1-lin/1g/', 'num_processes': 5, 'split': 10, 'simulate': 20, 'Threshold': 50, 'max_tries': 5, 'get': False, 'Retransmit': 'uploading'}, {'force': True, 'secure': True, 'reduced_redundancy': False, 'filepath': '/Users/ytlin/GitHub/storage/1g/bin6', 'dest': 's3://ap-southeast-1-lin/1g/', 'num_processes': 5, 'split': 10, 'simulate': 20, 'Threshold': 50, 'max_tries': 5, 'get': False, 'Retransmit': 'uploading'}, {'force': True, 'secure': True, 'reduced_redundancy': False, 'filepath': '/Users/ytlin/GitHub/storage/1g/bin7', 'dest': 's3://ap-southeast-1-lin/1g/', 'num_processes': 5, 'split': 10, 'simulate': 20, 'Threshold': 50, 'max_tries': 5, 'get': False, 'Retransmit': 'uploading'}, {'force': True, 'secure': True, 'reduced_redundancy': False, 'filepath': '/Users/ytlin/GitHub/storage/1g/bin8', 'dest': 's3://ap-southeast-1-lin/1g/', 'num_processes': 5, 'split': 10, 'simulate': 20, 'Threshold': 50, 'max_tries': 5, 'get': False, 'Retransmit': 'uploading'}, {'force': True, 'secure': True, 'reduced_redundancy': False, 'filepath': '/Users/ytlin/GitHub/storage/1g/bin9', 'dest': 's3://ap-southeast-1-lin/1g/', 'num_processes': 5, 'split': 10, 'simulate': 20, 'Threshold': 50, 'max_tries': 5, 'get': False, 'Retransmit': 'uploading'}, {'force': True, 'secure': True, 'reduced_redundancy': False, 'filepath': '/Users/ytlin/GitHub/storage/1g/Meta.tar.gz', 'dest': 's3://ap-southeast-1-lin/1g/', 'num_processes': 1, 'split': 10, 'simulate': 20, 'Threshold': 50, 'max_tries': 5, 'get': False, 'Retransmit': 'uploading'}]
2016-02-15 11:13:27,136 ERROR compress = 5.71 ,reduce rate 16.14M  File /Users/ytlin/Desktop/poty2006/ part size = 10 ,concurrency = 5 ,upload (ori)530.37M in 90.26 s (5.88 MBps)
2016-02-15 11:20:03,540 ERROR /Users/ytlin/GitHub/storage/javatest/Meta.tar.gz start 
2016-02-15 11:20:04,068 ERROR /Users/ytlin/GitHub/storage/javatest/Meta.tar.gz stop 
2016-02-15 11:20:09,780 ERROR resource increse  7
2016-02-15 11:20:21,575 ERROR Uploaded part 1 (10.00M) in 17.289 s at 0.58 MBps
2016-02-15 11:20:21,575 ERROR Uploaded part 1 (10.00M) in 17.289 s at 0.58 MBps
2016-02-15 11:20:22,636 ERROR Uploaded part 3 (10.00M) in 18.294 s at 0.55 MBps
2016-02-15 11:20:22,636 ERROR Uploaded part 3 (10.00M) in 18.294 s at 0.55 MBps
2016-02-15 11:20:23,460 ERROR Uploaded part 2 (10.00M) in 19.189 s at 0.52 MBps
2016-02-15 11:20:23,460 ERROR Uploaded part 2 (10.00M) in 19.189 s at 0.52 MBps
2016-02-15 11:20:24,138 ERROR Uploaded part 4 (10.00M) in 19.706 s at 0.51 MBps
2016-02-15 11:20:24,138 ERROR Uploaded part 4 (10.00M) in 19.706 s at 0.51 MBps
2016-02-15 11:20:28,641 ERROR Uploaded part 5 (15.00M) in 24.388 s at 0.62 MBps
2016-02-15 11:20:28,641 ERROR Uploaded part 5 (15.00M) in 24.388 s at 0.62 MBps
2016-02-15 11:20:29,806 ERROR resource increse  4
2016-02-15 11:20:30,106 ERROR /Users/ytlin/GitHub/storage/javatest/bin1 stop 
2016-02-15 11:20:30,107 ERROR [{'force': True, 'secure': True, 'reduced_redundancy': False, 'filepath': '/Users/ytlin/GitHub/storage/javatest/bin1', 'dest': 's3://ap-southeast-1-lin/javatest/', 'num_processes': 5, 'split': 10, 'simulate': 20, 'Threshold': 50, 'max_tries': 5, 'get': False, 'Retransmit': 'uploading'}, {'force': True, 'secure': True, 'reduced_redundancy': False, 'filepath': '/Users/ytlin/GitHub/storage/javatest/Meta.tar.gz', 'dest': 's3://ap-southeast-1-lin/javatest/', 'num_processes': 1, 'split': 10, 'simulate': 20, 'Threshold': 50, 'max_tries': 5, 'get': False, 'Retransmit': 'uploading'}]
2016-02-15 11:20:30,107 ERROR compress = 67.29 ,reduce rate 4.08M  File /Users/ytlin/Desktop/java1.7/ part size = 10 ,concurrency = 5 ,upload (ori)333.93M in 94.70 s (3.53 MBps)
2016-02-15 13:12:31,396 ERROR /Users/ytlin/GitHub/storage/javatest/Meta.tar.gz start 
2016-02-15 13:12:32,290 ERROR /Users/ytlin/GitHub/storage/javatest/Meta.tar.gz stop 
2016-02-15 13:12:37,697 ERROR resource increse  7
2016-02-15 13:12:42,967 ERROR Uploaded part 1 (10.00M) in 10.424 s at 0.96 MBps
2016-02-15 13:12:42,967 ERROR Uploaded part 1 (10.00M) in 10.424 s at 0.96 MBps
2016-02-15 13:12:51,543 ERROR Uploaded part 4 (10.00M) in 18.973 s at 0.53 MBps
2016-02-15 13:12:51,543 ERROR Uploaded part 4 (10.00M) in 18.973 s at 0.53 MBps
2016-02-15 13:12:52,057 ERROR Uploaded part 2 (10.00M) in 19.478 s at 0.51 MBps
2016-02-15 13:12:52,057 ERROR Uploaded part 2 (10.00M) in 19.478 s at 0.51 MBps
2016-02-15 13:12:52,085 ERROR Uploaded part 5 (10.00M) in 19.544 s at 0.51 MBps
2016-02-15 13:12:52,085 ERROR Uploaded part 5 (10.00M) in 19.544 s at 0.51 MBps
2016-02-15 13:12:55,217 ERROR Uploaded part 3 (10.00M) in 22.571 s at 0.44 MBps
2016-02-15 13:12:55,217 ERROR Uploaded part 3 (10.00M) in 22.571 s at 0.44 MBps
2016-02-15 13:12:57,707 ERROR resource increse  4
2016-02-15 13:13:00,589 ERROR Uploaded part 6 (15.00M) in 16.143 s at 0.93 MBps
2016-02-15 13:13:00,589 ERROR Uploaded part 6 (15.00M) in 16.143 s at 0.93 MBps
2016-02-15 13:13:00,589 ERROR Uploaded part 6 (15.00M) in 16.143 s at 0.93 MBps
2016-02-15 13:13:02,713 ERROR resource increse  4
2016-02-15 13:13:03,165 ERROR /Users/ytlin/GitHub/storage/javatest/bin1 stop 
2016-02-15 13:13:03,166 ERROR [{'force': True, 'secure': True, 'reduced_redundancy': False, 'filepath': '/Users/ytlin/GitHub/storage/javatest/bin1', 'dest': 's3://ap-southeast-1-lin/javatest/', 'num_processes': 5, 'split': 10, 'simulate': 20, 'Threshold': 50, 'max_tries': 5, 'get': False, 'Retransmit': 'uploading'}, {'force': True, 'secure': True, 'reduced_redundancy': False, 'filepath': '/Users/ytlin/GitHub/storage/javatest/Meta.tar.gz', 'dest': 's3://ap-southeast-1-lin/javatest/', 'num_processes': 1, 'split': 10, 'simulate': 20, 'Threshold': 50, 'max_tries': 5, 'get': False, 'Retransmit': 'uploading'}]
2016-02-15 13:13:03,166 ERROR compress = 70.40 ,reduce rate 3.81M  File /Users/ytlin/Desktop/java1.7/ part size = 10 ,concurrency = 5 ,upload (ori)333.93M in 102.91 s (3.24 MBps)
2016-02-15 13:45:10,922 ERROR resource increse  7
2016-02-15 13:45:12,207 ERROR /Users/ytlin/GitHub/storage/1g/Meta.tar.gz start 
2016-02-15 13:45:12,411 ERROR /Users/ytlin/GitHub/storage/1g/Meta.tar.gz stop 
2016-02-15 13:45:25,507 ERROR Uploaded part 1 (7.01M) in 12.474 s at 0.56 MBps
2016-02-15 13:45:25,507 ERROR Uploaded part 1 (7.01M) in 12.474 s at 0.56 MBps
2016-02-15 13:45:29,844 ERROR Uploaded part 1 (7.08M) in 16.588 s at 0.43 MBps
2016-02-15 13:45:29,844 ERROR Uploaded part 1 (7.08M) in 16.588 s at 0.43 MBps
2016-02-15 13:45:30,559 ERROR Uploaded part 1 (10.00M) in 24.437 s at 0.41 MBps
2016-02-15 13:45:30,559 ERROR Uploaded part 1 (10.00M) in 24.437 s at 0.41 MBps
2016-02-15 13:45:30,933 ERROR resource increse  4
2016-02-15 13:45:31,014 ERROR /Users/ytlin/GitHub/storage/1g/bin34 stop 
2016-02-15 13:45:31,019 ERROR /Users/ytlin/GitHub/storage/1g/bin35 stop 
2016-02-15 13:45:31,573 ERROR Uploaded part 1 (9.97M) in 25.456 s at 0.39 MBps
2016-02-15 13:45:31,573 ERROR Uploaded part 1 (9.97M) in 25.456 s at 0.39 MBps
2016-02-15 13:45:31,742 ERROR /Users/ytlin/GitHub/storage/1g/bin1 stop 
2016-02-15 13:45:32,058 ERROR Uploaded part 1 (9.99M) in 25.922 s at 0.39 MBps
2016-02-15 13:45:32,058 ERROR Uploaded part 1 (9.99M) in 25.922 s at 0.39 MBps
2016-02-15 13:45:33,097 ERROR /Users/ytlin/GitHub/storage/1g/bin4 stop 
2016-02-15 13:45:34,093 ERROR /Users/ytlin/GitHub/storage/1g/bin2 stop 
2016-02-15 13:45:39,400 ERROR Uploaded part 1 (9.99M) in 33.212 s at 0.30 MBps
2016-02-15 13:45:39,400 ERROR Uploaded part 1 (9.99M) in 33.212 s at 0.30 MBps
2016-02-15 13:45:40,010 ERROR Uploaded part 1 (6.61M) in 8.086 s at 0.82 MBps
2016-02-15 13:45:40,010 ERROR Uploaded part 1 (6.61M) in 8.086 s at 0.82 MBps
2016-02-15 13:45:41,289 ERROR Uploaded part 1 (9.24M) in 8.578 s at 1.08 MBps
2016-02-15 13:45:41,289 ERROR Uploaded part 1 (9.24M) in 8.578 s at 1.08 MBps
2016-02-15 13:45:41,421 ERROR /Users/ytlin/GitHub/storage/1g/bin3 stop 
2016-02-15 13:45:41,801 ERROR /Users/ytlin/GitHub/storage/1g/bin39 stop 
2016-02-15 13:45:42,214 ERROR Uploaded part 1 (6.96M) in 29.205 s at 0.24 MBps
2016-02-15 13:45:42,214 ERROR Uploaded part 1 (6.96M) in 29.205 s at 0.24 MBps
2016-02-15 13:45:42,570 ERROR /Users/ytlin/GitHub/storage/1g/bin14 stop 
2016-02-15 13:45:43,131 ERROR Uploaded part 1 (6.80M) in 11.125 s at 0.61 MBps
2016-02-15 13:45:43,131 ERROR Uploaded part 1 (6.80M) in 11.125 s at 0.61 MBps
2016-02-15 13:45:43,867 ERROR /Users/ytlin/GitHub/storage/1g/bin36 stop 
2016-02-15 13:45:44,181 ERROR /Users/ytlin/GitHub/storage/1g/bin38 stop 
2016-02-15 13:45:50,403 ERROR Uploaded part 1 (6.86M) in 18.360 s at 0.37 MBps
2016-02-15 13:45:50,403 ERROR Uploaded part 1 (6.86M) in 18.360 s at 0.37 MBps
2016-02-15 13:45:50,943 ERROR resource increse  4
2016-02-15 13:45:52,022 ERROR Uploaded part 1 (6.45M) in 11.522 s at 0.56 MBps
2016-02-15 13:45:52,022 ERROR Uploaded part 1 (6.45M) in 11.522 s at 0.56 MBps
2016-02-15 13:45:52,359 ERROR /Users/ytlin/GitHub/storage/1g/bin37 stop 
2016-02-15 13:45:53,372 ERROR Uploaded part 1 (6.28M) in 10.252 s at 0.61 MBps
2016-02-15 13:45:53,372 ERROR Uploaded part 1 (6.28M) in 10.252 s at 0.61 MBps
2016-02-15 13:45:53,683 ERROR /Users/ytlin/GitHub/storage/1g/bin40 stop 
2016-02-15 13:45:57,767 ERROR /Users/ytlin/GitHub/storage/1g/bin41 stop 
2016-02-15 13:45:57,944 ERROR Uploaded part 1 (9.73M) in 9.076 s at 1.07 MBps
2016-02-15 13:45:57,944 ERROR Uploaded part 1 (9.73M) in 9.076 s at 1.07 MBps
2016-02-15 13:45:59,557 ERROR /Users/ytlin/GitHub/storage/1g/bin8 stop 
2016-02-15 13:46:00,812 ERROR Uploaded part 1 (9.97M) in 17.298 s at 0.58 MBps
2016-02-15 13:46:00,812 ERROR Uploaded part 1 (9.97M) in 17.298 s at 0.58 MBps
2016-02-15 13:46:02,349 ERROR Uploaded part 1 (9.35M) in 30.152 s at 0.31 MBps
2016-02-15 13:46:02,349 ERROR Uploaded part 1 (9.35M) in 30.152 s at 0.31 MBps
2016-02-15 13:46:02,694 ERROR Uploaded part 1 (9.97M) in 18.995 s at 0.52 MBps
2016-02-15 13:46:02,694 ERROR Uploaded part 1 (9.97M) in 18.995 s at 0.52 MBps
2016-02-15 13:46:03,114 ERROR /Users/ytlin/GitHub/storage/1g/bin6 stop 
2016-02-15 13:46:03,613 ERROR /Users/ytlin/GitHub/storage/1g/bin13 stop 
2016-02-15 13:46:08,949 ERROR /Users/ytlin/GitHub/storage/1g/bin32 stop 
2016-02-15 13:46:09,236 ERROR Uploaded part 1 (9.93M) in 29.212 s at 0.34 MBps
2016-02-15 13:46:09,236 ERROR Uploaded part 1 (9.93M) in 29.212 s at 0.34 MBps
2016-02-15 13:46:09,782 ERROR /Users/ytlin/GitHub/storage/1g/bin5 stop 
2016-02-15 13:46:10,963 ERROR resource increse  4
2016-02-15 13:46:13,830 ERROR Uploaded part 1 (9.04M) in 20.304 s at 0.45 MBps
2016-02-15 13:46:13,830 ERROR Uploaded part 1 (9.04M) in 20.304 s at 0.45 MBps
2016-02-15 13:46:18,248 ERROR /Users/ytlin/GitHub/storage/1g/bin18 stop 
2016-02-15 13:46:19,546 ERROR Uploaded part 1 (9.88M) in 25.999 s at 0.38 MBps
2016-02-15 13:46:19,546 ERROR Uploaded part 1 (9.88M) in 25.999 s at 0.38 MBps
2016-02-15 13:46:21,195 ERROR /Users/ytlin/GitHub/storage/1g/bin19 stop 
2016-02-15 13:46:22,418 ERROR Uploaded part 1 (9.56M) in 21.248 s at 0.45 MBps
2016-02-15 13:46:22,418 ERROR Uploaded part 1 (9.56M) in 21.248 s at 0.45 MBps
2016-02-15 13:46:25,817 ERROR /Users/ytlin/GitHub/storage/1g/bin10 stop 
2016-02-15 13:46:27,460 ERROR Uploaded part 1 (9.83M) in 37.063 s at 0.27 MBps
2016-02-15 13:46:27,460 ERROR Uploaded part 1 (9.83M) in 37.063 s at 0.27 MBps
2016-02-15 13:46:28,438 ERROR Uploaded part 1 (8.67M) in 29.222 s at 0.30 MBps
2016-02-15 13:46:28,438 ERROR Uploaded part 1 (8.67M) in 29.222 s at 0.30 MBps
2016-02-15 13:46:28,597 ERROR /Users/ytlin/GitHub/storage/1g/bin7 stop 
2016-02-15 13:46:28,658 ERROR Uploaded part 1 (8.87M) in 28.007 s at 0.32 MBps
2016-02-15 13:46:28,658 ERROR Uploaded part 1 (8.87M) in 28.007 s at 0.32 MBps
2016-02-15 13:46:29,396 ERROR Uploaded part 1 (9.48M) in 19.228 s at 0.49 MBps
2016-02-15 13:46:29,396 ERROR Uploaded part 1 (9.48M) in 19.228 s at 0.49 MBps
2016-02-15 13:46:29,660 ERROR Uploaded part 1 (8.75M) in 11.661 s at 0.75 MBps
2016-02-15 13:46:29,660 ERROR Uploaded part 1 (8.75M) in 11.661 s at 0.75 MBps
2016-02-15 13:46:29,983 ERROR /Users/ytlin/GitHub/storage/1g/bin20 stop 
2016-02-15 13:46:30,340 ERROR /Users/ytlin/GitHub/storage/1g/bin22 stop 
2016-02-15 13:46:30,660 ERROR /Users/ytlin/GitHub/storage/1g/bin12 stop 
2016-02-15 13:46:30,730 ERROR /Users/ytlin/GitHub/storage/1g/bin21 stop 
2016-02-15 13:46:32,939 ERROR Uploaded part 1 (7.65M) in 5.034 s at 1.52 MBps
2016-02-15 13:46:32,939 ERROR Uploaded part 1 (7.65M) in 5.034 s at 1.52 MBps
2016-02-15 13:46:36,588 ERROR Uploaded part 1 (9.19M) in 25.354 s at 0.36 MBps
2016-02-15 13:46:36,588 ERROR Uploaded part 1 (9.19M) in 25.354 s at 0.36 MBps
2016-02-15 13:46:38,343 ERROR /Users/ytlin/GitHub/storage/1g/bin15 stop 
2016-02-15 13:46:39,246 ERROR /Users/ytlin/GitHub/storage/1g/bin29 stop 
2016-02-15 13:46:39,256 ERROR Uploaded part 1 (8.56M) in 9.608 s at 0.89 MBps
2016-02-15 13:46:39,256 ERROR Uploaded part 1 (8.56M) in 9.608 s at 0.89 MBps
2016-02-15 13:46:40,073 ERROR Uploaded part 1 (9.84M) in 9.999 s at 0.98 MBps
2016-02-15 13:46:40,073 ERROR Uploaded part 1 (9.84M) in 9.999 s at 0.98 MBps
2016-02-15 13:46:40,218 ERROR Uploaded part 1 (8.23M) in 8.511 s at 0.97 MBps
2016-02-15 13:46:40,218 ERROR Uploaded part 1 (8.23M) in 8.511 s at 0.97 MBps
2016-02-15 13:46:40,532 ERROR /Users/ytlin/GitHub/storage/1g/bin24 stop 
2016-02-15 13:46:40,794 ERROR /Users/ytlin/GitHub/storage/1g/bin26 stop 
2016-02-15 13:46:41,050 ERROR Uploaded part 1 (8.66M) in 22.967 s at 0.38 MBps
2016-02-15 13:46:41,050 ERROR Uploaded part 1 (8.66M) in 22.967 s at 0.38 MBps
2016-02-15 13:46:41,357 ERROR /Users/ytlin/GitHub/storage/1g/bin25 stop 
2016-02-15 13:46:41,818 ERROR /Users/ytlin/GitHub/storage/1g/bin23 stop 
2016-02-15 13:46:43,129 ERROR Uploaded part 1 (9.51M) in 32.976 s at 0.29 MBps
2016-02-15 13:46:43,129 ERROR Uploaded part 1 (9.51M) in 32.976 s at 0.29 MBps
2016-02-15 13:46:45,783 ERROR Uploaded part 1 (9.05M) in 35.760 s at 0.25 MBps
2016-02-15 13:46:45,783 ERROR Uploaded part 1 (9.05M) in 35.760 s at 0.25 MBps
2016-02-15 13:46:45,884 ERROR /Users/ytlin/GitHub/storage/1g/bin11 stop 
2016-02-15 13:46:46,815 ERROR Uploaded part 1 (9.57M) in 52.155 s at 0.18 MBps
2016-02-15 13:46:46,815 ERROR Uploaded part 1 (9.57M) in 52.155 s at 0.18 MBps
2016-02-15 13:46:47,153 ERROR /Users/ytlin/GitHub/storage/1g/bin17 stop 
2016-02-15 13:46:47,818 ERROR Uploaded part 1 (7.83M) in 15.296 s at 0.51 MBps
2016-02-15 13:46:47,818 ERROR Uploaded part 1 (7.83M) in 15.296 s at 0.51 MBps
2016-02-15 13:46:47,867 ERROR /Users/ytlin/GitHub/storage/1g/bin9 stop 
2016-02-15 13:46:48,562 ERROR Uploaded part 1 (9.11M) in 27.246 s at 0.33 MBps
2016-02-15 13:46:48,562 ERROR Uploaded part 1 (9.11M) in 27.246 s at 0.33 MBps
2016-02-15 13:46:49,399 ERROR /Users/ytlin/GitHub/storage/1g/bin28 stop 
2016-02-15 13:46:49,644 ERROR /Users/ytlin/GitHub/storage/1g/bin16 stop 
2016-02-15 13:46:49,870 ERROR Uploaded part 1 (7.63M) in 16.917 s at 0.45 MBps
2016-02-15 13:46:49,870 ERROR Uploaded part 1 (7.63M) in 16.917 s at 0.45 MBps
2016-02-15 13:46:50,381 ERROR Uploaded part 1 (8.23M) in 18.125 s at 0.45 MBps
2016-02-15 13:46:50,381 ERROR Uploaded part 1 (8.23M) in 18.125 s at 0.45 MBps
2016-02-15 13:46:51,137 ERROR /Users/ytlin/GitHub/storage/1g/bin30 stop 
2016-02-15 13:46:51,251 ERROR /Users/ytlin/GitHub/storage/1g/bin27 stop 
2016-02-15 13:46:55,667 ERROR Uploaded part 1 (7.29M) in 14.737 s at 0.49 MBps
2016-02-15 13:46:55,667 ERROR Uploaded part 1 (7.29M) in 14.737 s at 0.49 MBps
2016-02-15 13:46:55,909 ERROR Uploaded part 1 (7.47M) in 15.452 s at 0.48 MBps
2016-02-15 13:46:55,909 ERROR Uploaded part 1 (7.47M) in 15.452 s at 0.48 MBps
2016-02-15 13:46:57,716 ERROR /Users/ytlin/GitHub/storage/1g/bin31 stop 
2016-02-15 13:46:57,716 ERROR /Users/ytlin/GitHub/storage/1g/bin33 stop 
2016-02-15 13:46:57,718 ERROR [{'force': True, 'secure': True, 'reduced_redundancy': False, 'filepath': '/Users/ytlin/GitHub/storage/1g/bin1', 'dest': 's3://ap-southeast-1-lin/1g/', 'num_processes': 2, 'split': 5, 'simulate': 20, 'Threshold': 10, 'max_tries': 5, 'get': False, 'Retransmit': 'uploading'}, {'force': True, 'secure': True, 'reduced_redundancy': False, 'filepath': '/Users/ytlin/GitHub/storage/1g/bin2', 'dest': 's3://ap-southeast-1-lin/1g/', 'num_processes': 2, 'split': 5, 'simulate': 20, 'Threshold': 10, 'max_tries': 5, 'get': False, 'Retransmit': 'uploading'}, {'force': True, 'secure': True, 'reduced_redundancy': False, 'filepath': '/Users/ytlin/GitHub/storage/1g/bin3', 'dest': 's3://ap-southeast-1-lin/1g/', 'num_processes': 2, 'split': 5, 'simulate': 20, 'Threshold': 10, 'max_tries': 5, 'get': False, 'Retransmit': 'uploading'}, {'force': True, 'secure': True, 'reduced_redundancy': False, 'filepath': '/Users/ytlin/GitHub/storage/1g/bin4', 'dest': 's3://ap-southeast-1-lin/1g/', 'num_processes': 2, 'split': 5, 'simulate': 20, 'Threshold': 10, 'max_tries': 5, 'get': False, 'Retransmit': 'uploading'}, {'force': True, 'secure': True, 'reduced_redundancy': False, 'filepath': '/Users/ytlin/GitHub/storage/1g/bin5', 'dest': 's3://ap-southeast-1-lin/1g/', 'num_processes': 2, 'split': 5, 'simulate': 20, 'Threshold': 10, 'max_tries': 5, 'get': False, 'Retransmit': 'uploading'}, {'force': True, 'secure': True, 'reduced_redundancy': False, 'filepath': '/Users/ytlin/GitHub/storage/1g/bin6', 'dest': 's3://ap-southeast-1-lin/1g/', 'num_processes': 2, 'split': 5, 'simulate': 20, 'Threshold': 10, 'max_tries': 5, 'get': False, 'Retransmit': 'uploading'}, {'force': True, 'secure': True, 'reduced_redundancy': False, 'filepath': '/Users/ytlin/GitHub/storage/1g/bin7', 'dest': 's3://ap-southeast-1-lin/1g/', 'num_processes': 2, 'split': 5, 'simulate': 20, 'Threshold': 10, 'max_tries': 5, 'get': False, 'Retransmit': 'uploading'}, {'force': True, 'secure': True, 'reduced_redundancy': False, 'filepath': '/Users/ytlin/GitHub/storage/1g/bin8', 'dest': 's3://ap-southeast-1-lin/1g/', 'num_processes': 2, 'split': 5, 'simulate': 20, 'Threshold': 10, 'max_tries': 5, 'get': False, 'Retransmit': 'uploading'}, {'force': True, 'secure': True, 'reduced_redundancy': False, 'filepath': '/Users/ytlin/GitHub/storage/1g/bin9', 'dest': 's3://ap-southeast-1-lin/1g/', 'num_processes': 2, 'split': 5, 'simulate': 20, 'Threshold': 10, 'max_tries': 5, 'get': False, 'Retransmit': 'uploading'}, {'force': True, 'secure': True, 'reduced_redundancy': False, 'filepath': '/Users/ytlin/GitHub/storage/1g/bin10', 'dest': 's3://ap-southeast-1-lin/1g/', 'num_processes': 2, 'split': 5, 'simulate': 20, 'Threshold': 10, 'max_tries': 5, 'get': False, 'Retransmit': 'uploading'}, {'force': True, 'secure': True, 'reduced_redundancy': False, 'filepath': '/Users/ytlin/GitHub/storage/1g/bin11', 'dest': 's3://ap-southeast-1-lin/1g/', 'num_processes': 2, 'split': 5, 'simulate': 20, 'Threshold': 10, 'max_tries': 5, 'get': False, 'Retransmit': 'uploading'}, {'force': True, 'secure': True, 'reduced_redundancy': False, 'filepath': '/Users/ytlin/GitHub/storage/1g/bin12', 'dest': 's3://ap-southeast-1-lin/1g/', 'num_processes': 2, 'split': 5, 'simulate': 20, 'Threshold': 10, 'max_tries': 5, 'get': False, 'Retransmit': 'uploading'}, {'force': True, 'secure': True, 'reduced_redundancy': False, 'filepath': '/Users/ytlin/GitHub/storage/1g/bin13', 'dest': 's3://ap-southeast-1-lin/1g/', 'num_processes': 2, 'split': 5, 'simulate': 20, 'Threshold': 10, 'max_tries': 5, 'get': False, 'Retransmit': 'uploading'}, {'force': True, 'secure': True, 'reduced_redundancy': False, 'filepath': '/Users/ytlin/GitHub/storage/1g/bin14', 'dest': 's3://ap-southeast-1-lin/1g/', 'num_processes': 2, 'split': 5, 'simulate': 20, 'Threshold': 10, 'max_tries': 5, 'get': False, 'Retransmit': 'uploading'}, {'force': True, 'secure': True, 'reduced_redundancy': False, 'filepath': '/Users/ytlin/GitHub/storage/1g/bin15', 'dest': 's3://ap-southeast-1-lin/1g/', 'num_processes': 2, 'split': 5, 'simulate': 20, 'Threshold': 10, 'max_tries': 5, 'get': False, 'Retransmit': 'uploading'}, {'force': True, 'secure': True, 'reduced_redundancy': False, 'filepath': '/Users/ytlin/GitHub/storage/1g/bin16', 'dest': 's3://ap-southeast-1-lin/1g/', 'num_processes': 2, 'split': 5, 'simulate': 20, 'Threshold': 10, 'max_tries': 5, 'get': False, 'Retransmit': 'uploading'}, {'force': True, 'secure': True, 'reduced_redundancy': False, 'filepath': '/Users/ytlin/GitHub/storage/1g/bin17', 'dest': 's3://ap-southeast-1-lin/1g/', 'num_processes': 2, 'split': 5, 'simulate': 20, 'Threshold': 10, 'max_tries': 5, 'get': False, 'Retransmit': 'uploading'}, {'force': True, 'secure': True, 'reduced_redundancy': False, 'filepath': '/Users/ytlin/GitHub/storage/1g/bin18', 'dest': 's3://ap-southeast-1-lin/1g/', 'num_processes': 2, 'split': 5, 'simulate': 20, 'Threshold': 10, 'max_tries': 5, 'get': False, 'Retransmit': 'uploading'}, {'force': True, 'secure': True, 'reduced_redundancy': False, 'filepath': '/Users/ytlin/GitHub/storage/1g/bin19', 'dest': 's3://ap-southeast-1-lin/1g/', 'num_processes': 2, 'split': 5, 'simulate': 20, 'Threshold': 10, 'max_tries': 5, 'get': False, 'Retransmit': 'uploading'}, {'force': True, 'secure': True, 'reduced_redundancy': False, 'filepath': '/Users/ytlin/GitHub/storage/1g/bin20', 'dest': 's3://ap-southeast-1-lin/1g/', 'num_processes': 2, 'split': 5, 'simulate': 20, 'Threshold': 10, 'max_tries': 5, 'get': False, 'Retransmit': 'uploading'}, {'force': True, 'secure': True, 'reduced_redundancy': False, 'filepath': '/Users/ytlin/GitHub/storage/1g/bin21', 'dest': 's3://ap-southeast-1-lin/1g/', 'num_processes': 2, 'split': 5, 'simulate': 20, 'Threshold': 10, 'max_tries': 5, 'get': False, 'Retransmit': 'uploading'}, {'force': True, 'secure': True, 'reduced_redundancy': False, 'filepath': '/Users/ytlin/GitHub/storage/1g/bin22', 'dest': 's3://ap-southeast-1-lin/1g/', 'num_processes': 2, 'split': 5, 'simulate': 20, 'Threshold': 10, 'max_tries': 5, 'get': False, 'Retransmit': 'uploading'}, {'force': True, 'secure': True, 'reduced_redundancy': False, 'filepath': '/Users/ytlin/GitHub/storage/1g/bin23', 'dest': 's3://ap-southeast-1-lin/1g/', 'num_processes': 2, 'split': 5, 'simulate': 20, 'Threshold': 10, 'max_tries': 5, 'get': False, 'Retransmit': 'uploading'}, {'force': True, 'secure': True, 'reduced_redundancy': False, 'filepath': '/Users/ytlin/GitHub/storage/1g/bin24', 'dest': 's3://ap-southeast-1-lin/1g/', 'num_processes': 2, 'split': 5, 'simulate': 20, 'Threshold': 10, 'max_tries': 5, 'get': False, 'Retransmit': 'uploading'}, {'force': True, 'secure': True, 'reduced_redundancy': False, 'filepath': '/Users/ytlin/GitHub/storage/1g/bin25', 'dest': 's3://ap-southeast-1-lin/1g/', 'num_processes': 2, 'split': 5, 'simulate': 20, 'Threshold': 10, 'max_tries': 5, 'get': False, 'Retransmit': 'uploading'}, {'force': True, 'secure': True, 'reduced_redundancy': False, 'filepath': '/Users/ytlin/GitHub/storage/1g/bin26', 'dest': 's3://ap-southeast-1-lin/1g/', 'num_processes': 2, 'split': 5, 'simulate': 20, 'Threshold': 10, 'max_tries': 5, 'get': False, 'Retransmit': 'uploading'}, {'force': True, 'secure': True, 'reduced_redundancy': False, 'filepath': '/Users/ytlin/GitHub/storage/1g/bin27', 'dest': 's3://ap-southeast-1-lin/1g/', 'num_processes': 2, 'split': 5, 'simulate': 20, 'Threshold': 10, 'max_tries': 5, 'get': False, 'Retransmit': 'uploading'}, {'force': True, 'secure': True, 'reduced_redundancy': False, 'filepath': '/Users/ytlin/GitHub/storage/1g/bin28', 'dest': 's3://ap-southeast-1-lin/1g/', 'num_processes': 2, 'split': 5, 'simulate': 20, 'Threshold': 10, 'max_tries': 5, 'get': False, 'Retransmit': 'uploading'}, {'force': True, 'secure': True, 'reduced_redundancy': False, 'filepath': '/Users/ytlin/GitHub/storage/1g/bin29', 'dest': 's3://ap-southeast-1-lin/1g/', 'num_processes': 2, 'split': 5, 'simulate': 20, 'Threshold': 10, 'max_tries': 5, 'get': False, 'Retransmit': 'uploading'}, {'force': True, 'secure': True, 'reduced_redundancy': False, 'filepath': '/Users/ytlin/GitHub/storage/1g/bin30', 'dest': 's3://ap-southeast-1-lin/1g/', 'num_processes': 2, 'split': 5, 'simulate': 20, 'Threshold': 10, 'max_tries': 5, 'get': False, 'Retransmit': 'uploading'}, {'force': True, 'secure': True, 'reduced_redundancy': False, 'filepath': '/Users/ytlin/GitHub/storage/1g/bin31', 'dest': 's3://ap-southeast-1-lin/1g/', 'num_processes': 2, 'split': 5, 'simulate': 20, 'Threshold': 10, 'max_tries': 5, 'get': False, 'Retransmit': 'uploading'}, {'force': True, 'secure': True, 'reduced_redundancy': False, 'filepath': '/Users/ytlin/GitHub/storage/1g/bin32', 'dest': 's3://ap-southeast-1-lin/1g/', 'num_processes': 2, 'split': 5, 'simulate': 20, 'Threshold': 10, 'max_tries': 5, 'get': False, 'Retransmit': 'uploading'}, {'force': True, 'secure': True, 'reduced_redundancy': False, 'filepath': '/Users/ytlin/GitHub/storage/1g/bin33', 'dest': 's3://ap-southeast-1-lin/1g/', 'num_processes': 2, 'split': 5, 'simulate': 20, 'Threshold': 10, 'max_tries': 5, 'get': False, 'Retransmit': 'uploading'}, {'force': True, 'secure': True, 'reduced_redundancy': False, 'filepath': '/Users/ytlin/GitHub/storage/1g/bin34', 'dest': 's3://ap-southeast-1-lin/1g/', 'num_processes': 2, 'split': 5, 'simulate': 20, 'Threshold': 10, 'max_tries': 5, 'get': False, 'Retransmit': 'uploading'}, {'force': True, 'secure': True, 'reduced_redundancy': False, 'filepath': '/Users/ytlin/GitHub/storage/1g/bin35', 'dest': 's3://ap-southeast-1-lin/1g/', 'num_processes': 2, 'split': 5, 'simulate': 20, 'Threshold': 10, 'max_tries': 5, 'get': False, 'Retransmit': 'uploading'}, {'force': True, 'secure': True, 'reduced_redundancy': False, 'filepath': '/Users/ytlin/GitHub/storage/1g/bin36', 'dest': 's3://ap-southeast-1-lin/1g/', 'num_processes': 2, 'split': 5, 'simulate': 20, 'Threshold': 10, 'max_tries': 5, 'get': False, 'Retransmit': 'uploading'}, {'force': True, 'secure': True, 'reduced_redundancy': False, 'filepath': '/Users/ytlin/GitHub/storage/1g/bin37', 'dest': 's3://ap-southeast-1-lin/1g/', 'num_processes': 2, 'split': 5, 'simulate': 20, 'Threshold': 10, 'max_tries': 5, 'get': False, 'Retransmit': 'uploading'}, {'force': True, 'secure': True, 'reduced_redundancy': False, 'filepath': '/Users/ytlin/GitHub/storage/1g/bin38', 'dest': 's3://ap-southeast-1-lin/1g/', 'num_processes': 2, 'split': 5, 'simulate': 20, 'Threshold': 10, 'max_tries': 5, 'get': False, 'Retransmit': 'uploading'}, {'force': True, 'secure': True, 'reduced_redundancy': False, 'filepath': '/Users/ytlin/GitHub/storage/1g/bin39', 'dest': 's3://ap-southeast-1-lin/1g/', 'num_processes': 2, 'split': 5, 'simulate': 20, 'Threshold': 10, 'max_tries': 5, 'get': False, 'Retransmit': 'uploading'}, {'force': True, 'secure': True, 'reduced_redundancy': False, 'filepath': '/Users/ytlin/GitHub/storage/1g/bin40', 'dest': 's3://ap-southeast-1-lin/1g/', 'num_processes': 2, 'split': 5, 'simulate': 20, 'Threshold': 10, 'max_tries': 5, 'get': False, 'Retransmit': 'uploading'}, {'force': True, 'secure': True, 'reduced_redundancy': False, 'filepath': '/Users/ytlin/GitHub/storage/1g/bin41', 'dest': 's3://ap-southeast-1-lin/1g/', 'num_processes': 2, 'split': 5, 'simulate': 20, 'Threshold': 10, 'max_tries': 5, 'get': False, 'Retransmit': 'uploading'}, {'force': True, 'secure': True, 'reduced_redundancy': False, 'filepath': '/Users/ytlin/GitHub/storage/1g/Meta.tar.gz', 'dest': 's3://ap-southeast-1-lin/1g/', 'num_processes': 1, 'split': 5, 'simulate': 20, 'Threshold': 10, 'max_tries': 5, 'get': False, 'Retransmit': 'uploading'}]
2016-02-15 13:46:57,718 ERROR compress = 8.14 ,reduce rate 21.65M  File /Users/ytlin/Desktop/poty2006/ part size = 5 ,concurrency = 5 ,upload (ori)530.37M in 121.98 s (4.35 MBps)
